
*** Running vivado
    with args -log top.vds -m64 -product Vivado -mode batch -messageDb vivado.pb -notrace -source top.tcl



****** Vivado v2020.2 (64-bit)
  **** SW Build 3064766 on Wed Nov 18 09:12:45 MST 2020
  **** IP Build 3064653 on Wed Nov 18 14:17:31 MST 2020
    ** Copyright 1986-2020 Xilinx, Inc. All Rights Reserved.

source top.tcl -notrace
Command: synth_design -top top -part xc7a35tftg256-1
Starting synth_design
Attempting to get a license for feature 'Synthesis' and/or device 'xc7a35t'
INFO: [Common 17-349] Got license for feature 'Synthesis' and/or device 'xc7a35t'
INFO: [Device 21-403] Loading part xc7a35tftg256-1
INFO: [Synth 8-7079] Multithreading enabled for synth_design using a maximum of 2 processes.
INFO: [Synth 8-7078] Launching helper process for spawning children vivado processes
INFO: [Synth 8-7075] Helper process launched with PID 13404
WARNING: [Synth 8-2507] parameter declaration becomes local in serialRx with formal parameter declaration list [C:/Users/Raphael/Documents/Uni/FYP/Fpgastuff/ddr3_build2.srcs/sources_1/new/serialRx.sv:12]
WARNING: [Synth 8-2507] parameter declaration becomes local in serialTx with formal parameter declaration list [C:/Users/Raphael/Documents/Uni/FYP/Fpgastuff/ddr3_build2.srcs/sources_1/new/serialTx.sv:14]
---------------------------------------------------------------------------------
Starting RTL Elaboration : Time (s): cpu = 00:00:06 ; elapsed = 00:00:06 . Memory (MB): peak = 1003.820 ; gain = 0.000
---------------------------------------------------------------------------------
INFO: [Synth 8-6157] synthesizing module 'top' [C:/Users/Raphael/Documents/Uni/FYP/Fpgastuff/ddr3_build2.srcs/sources_1/imports/new/top.sv:7]
INFO: [Synth 8-6157] synthesizing module 'io_IF' [C:/Users/Raphael/Documents/Uni/FYP/Fpgastuff/ddr3_build2.srcs/sources_1/new/interfaces.sv:16]
INFO: [Synth 8-6155] done synthesizing module 'io_IF' (0#1) [C:/Users/Raphael/Documents/Uni/FYP/Fpgastuff/ddr3_build2.srcs/sources_1/new/interfaces.sv:16]
INFO: [Synth 8-6157] synthesizing module 'clk_wiz_0' [C:/Users/Raphael/Documents/Uni/FYP/Fpgastuff/ddr3_build2.runs/synth_1/.Xil/Vivado-20320-DESKTOP-K56E9LU/realtime/clk_wiz_0_stub.v:5]
INFO: [Synth 8-6155] done synthesizing module 'clk_wiz_0' (1#1) [C:/Users/Raphael/Documents/Uni/FYP/Fpgastuff/ddr3_build2.runs/synth_1/.Xil/Vivado-20320-DESKTOP-K56E9LU/realtime/clk_wiz_0_stub.v:5]
INFO: [Synth 8-6157] synthesizing module 'mig_wrapper_1' [C:/Users/Raphael/Documents/Uni/FYP/Fpgastuff/ddr3_build2.srcs/sources_1/imports/ddr3_build2/work/vivado/ddr3_build2/ddr3_build2.srcs/sources_1/imports/verilog/mig_wrapper_1.v:7]
INFO: [Synth 8-6157] synthesizing module 'mig_7series_0' [C:/Users/Raphael/Documents/Uni/FYP/Fpgastuff/ddr3_build2.runs/synth_1/.Xil/Vivado-20320-DESKTOP-K56E9LU/realtime/mig_7series_0_stub.v:5]
INFO: [Synth 8-6155] done synthesizing module 'mig_7series_0' (2#1) [C:/Users/Raphael/Documents/Uni/FYP/Fpgastuff/ddr3_build2.runs/synth_1/.Xil/Vivado-20320-DESKTOP-K56E9LU/realtime/mig_7series_0_stub.v:5]
INFO: [Synth 8-6155] done synthesizing module 'mig_wrapper_1' (3#1) [C:/Users/Raphael/Documents/Uni/FYP/Fpgastuff/ddr3_build2.srcs/sources_1/imports/ddr3_build2/work/vivado/ddr3_build2/ddr3_build2.srcs/sources_1/imports/verilog/mig_wrapper_1.v:7]
INFO: [Synth 8-6157] synthesizing module 'usb_IF' [C:/Users/Raphael/Documents/Uni/FYP/Fpgastuff/ddr3_build2.srcs/sources_1/new/interfaces.sv:27]
INFO: [Synth 8-6155] done synthesizing module 'usb_IF' (3#1) [C:/Users/Raphael/Documents/Uni/FYP/Fpgastuff/ddr3_build2.srcs/sources_1/new/interfaces.sv:27]
INFO: [Synth 8-6157] synthesizing module 'serialRx' [C:/Users/Raphael/Documents/Uni/FYP/Fpgastuff/ddr3_build2.srcs/sources_1/new/serialRx.sv:1]
	Parameter CLK_PER_BIT bound to: 705 - type: integer 
	Parameter CTR_SIZE bound to: 10 - type: integer 
	Parameter STATE_SIZE bound to: 2 - type: integer 
	Parameter IDLE bound to: 2'b00 
	Parameter WAIT_HALF bound to: 2'b01 
	Parameter WAIT_FULL bound to: 2'b10 
	Parameter WAIT_HIGH bound to: 2'b11 
INFO: [Synth 8-226] default block is never used [C:/Users/Raphael/Documents/Uni/FYP/Fpgastuff/ddr3_build2.srcs/sources_1/new/serialRx.sv:38]
INFO: [Synth 8-6155] done synthesizing module 'serialRx' (4#1) [C:/Users/Raphael/Documents/Uni/FYP/Fpgastuff/ddr3_build2.srcs/sources_1/new/serialRx.sv:1]
INFO: [Synth 8-6157] synthesizing module 'serialTx' [C:/Users/Raphael/Documents/Uni/FYP/Fpgastuff/ddr3_build2.srcs/sources_1/new/serialTx.sv:1]
	Parameter CLK_PER_BIT bound to: 705 - type: integer 
	Parameter CTR_SIZE bound to: 10 - type: integer 
	Parameter STATE_SIZE bound to: 2 - type: integer 
	Parameter IDLE bound to: 2'b00 
	Parameter START_BIT bound to: 2'b01 
	Parameter DATA bound to: 2'b10 
	Parameter STOP_BIT bound to: 2'b11 
INFO: [Synth 8-226] default block is never used [C:/Users/Raphael/Documents/Uni/FYP/Fpgastuff/ddr3_build2.srcs/sources_1/new/serialTx.sv:41]
INFO: [Synth 8-6155] done synthesizing module 'serialTx' (5#1) [C:/Users/Raphael/Documents/Uni/FYP/Fpgastuff/ddr3_build2.srcs/sources_1/new/serialTx.sv:1]
WARNING: [Synth 8-7071] port 'busy' of module 'serialTx' is unconnected for instance 'st' [C:/Users/Raphael/Documents/Uni/FYP/Fpgastuff/ddr3_build2.srcs/sources_1/imports/new/top.sv:135]
WARNING: [Synth 8-7023] instance 'st' of module 'serialTx' has 7 connections declared, but only 6 given [C:/Users/Raphael/Documents/Uni/FYP/Fpgastuff/ddr3_build2.srcs/sources_1/imports/new/top.sv:135]
INFO: [Synth 8-6157] synthesizing module 'ddr3_IF' [C:/Users/Raphael/Documents/Uni/FYP/Fpgastuff/ddr3_build2.srcs/sources_1/new/interfaces.sv:1]
INFO: [Synth 8-6155] done synthesizing module 'ddr3_IF' (5#1) [C:/Users/Raphael/Documents/Uni/FYP/Fpgastuff/ddr3_build2.srcs/sources_1/new/interfaces.sv:1]
INFO: [Synth 8-6157] synthesizing module 'userland' [C:/Users/Raphael/Documents/Uni/FYP/Fpgastuff/ddr3_build2.srcs/sources_1/new/userland.sv:1]
WARNING: [Synth 8-330] inout connections inferred for interface port 'ddr3_IF' with no modport [C:/Users/Raphael/Documents/Uni/FYP/Fpgastuff/ddr3_build2.srcs/sources_1/imports/new/top.sv:150]
WARNING: [Synth 8-330] inout connections inferred for interface port 'io_IF' with no modport [C:/Users/Raphael/Documents/Uni/FYP/Fpgastuff/ddr3_build2.srcs/sources_1/imports/new/top.sv:151]
WARNING: [Synth 8-330] inout connections inferred for interface port 'usb_IF' with no modport [C:/Users/Raphael/Documents/Uni/FYP/Fpgastuff/ddr3_build2.srcs/sources_1/imports/new/top.sv:154]
INFO: [Synth 8-6155] done synthesizing module 'userland' (6#1) [C:/Users/Raphael/Documents/Uni/FYP/Fpgastuff/ddr3_build2.srcs/sources_1/new/userland.sv:1]
INFO: [Synth 8-6157] synthesizing module 'lru_cache_2' [C:/Users/Raphael/Documents/Uni/FYP/Fpgastuff/ddr3_build2.srcs/sources_1/imports/ddr3_build2/work/vivado/ddr3_build2/ddr3_build2.srcs/sources_1/imports/verilog/lru_cache_2.v:13]
	Parameter ENTRIES bound to: 1'b1 
	Parameter WORD_SIZE bound to: 4'b1000 
	Parameter AGE_BITS bound to: 1'b1 
	Parameter WORDS_PER_LINE bound to: 8'b00010000 
	Parameter BYTES_PER_WORD bound to: 4'b0001 
	Parameter SUB_ADDR_BITS bound to: 3'b100 
	Parameter ADDR_SIZE bound to: 6'b011100 
	Parameter IDLE_state bound to: 3'b000 
	Parameter PREP_WRITE_ENTRY_state bound to: 3'b001 
	Parameter PREP_READ_ENTRY_state bound to: 3'b010 
	Parameter FLUSH_state bound to: 3'b011 
	Parameter WRITE_DATA_state bound to: 3'b100 
	Parameter WRITE_CMD_state bound to: 3'b101 
	Parameter READ_CMD_state bound to: 3'b110 
	Parameter WAIT_READ_state bound to: 3'b111 
	Parameter IDLE_write_state bound to: 1'b0 
	Parameter PUT_write_state bound to: 1'b1 
	Parameter IDLE_read_state bound to: 1'b0 
	Parameter FETCH_read_state bound to: 1'b1 
INFO: [Synth 8-6155] done synthesizing module 'lru_cache_2' (7#1) [C:/Users/Raphael/Documents/Uni/FYP/Fpgastuff/ddr3_build2.srcs/sources_1/imports/ddr3_build2/work/vivado/ddr3_build2/ddr3_build2.srcs/sources_1/imports/verilog/lru_cache_2.v:13]
INFO: [Synth 8-6155] done synthesizing module 'top' (8#1) [C:/Users/Raphael/Documents/Uni/FYP/Fpgastuff/ddr3_build2.srcs/sources_1/imports/new/top.sv:7]
---------------------------------------------------------------------------------
Finished RTL Elaboration : Time (s): cpu = 00:00:07 ; elapsed = 00:00:07 . Memory (MB): peak = 1003.820 ; gain = 0.000
---------------------------------------------------------------------------------
---------------------------------------------------------------------------------
Start Handling Custom Attributes
---------------------------------------------------------------------------------
---------------------------------------------------------------------------------
Finished Handling Custom Attributes : Time (s): cpu = 00:00:08 ; elapsed = 00:00:08 . Memory (MB): peak = 1003.820 ; gain = 0.000
---------------------------------------------------------------------------------
---------------------------------------------------------------------------------
Finished RTL Optimization Phase 1 : Time (s): cpu = 00:00:08 ; elapsed = 00:00:08 . Memory (MB): peak = 1003.820 ; gain = 0.000
---------------------------------------------------------------------------------
Netlist sorting complete. Time (s): cpu = 00:00:00 ; elapsed = 00:00:00.099 . Memory (MB): peak = 1003.820 ; gain = 0.000
INFO: [Project 1-570] Preparing netlist for logic optimization

Processing XDC Constraints
Initializing timing engine
Parsing XDC File [c:/Users/Raphael/Documents/Uni/FYP/Fpgastuff/ddr3_build2.gen/sources_1/ip/mig_7series_0/mig_7series_0/mig_7series_0_in_context.xdc] for cell 'mig/mig'
Finished Parsing XDC File [c:/Users/Raphael/Documents/Uni/FYP/Fpgastuff/ddr3_build2.gen/sources_1/ip/mig_7series_0/mig_7series_0/mig_7series_0_in_context.xdc] for cell 'mig/mig'
Parsing XDC File [c:/Users/Raphael/Documents/Uni/FYP/Fpgastuff/ddr3_build2.gen/sources_1/ip/clk_wiz_0/clk_wiz_0/clk_wiz_0_in_context.xdc] for cell 'clk_wiz'
Finished Parsing XDC File [c:/Users/Raphael/Documents/Uni/FYP/Fpgastuff/ddr3_build2.gen/sources_1/ip/clk_wiz_0/clk_wiz_0/clk_wiz_0_in_context.xdc] for cell 'clk_wiz'
Parsing XDC File [C:/Users/Raphael/Documents/Uni/FYP/Fpgastuff/ddr3_build2.srcs/constrs_1/imports/Users/Raphael/Documents/alchitry/ddr3_build2/work/constraint/alchitry.xdc]
Finished Parsing XDC File [C:/Users/Raphael/Documents/Uni/FYP/Fpgastuff/ddr3_build2.srcs/constrs_1/imports/Users/Raphael/Documents/alchitry/ddr3_build2/work/constraint/alchitry.xdc]
INFO: [Project 1-236] Implementation specific constraints were found while reading constraint file [C:/Users/Raphael/Documents/Uni/FYP/Fpgastuff/ddr3_build2.srcs/constrs_1/imports/Users/Raphael/Documents/alchitry/ddr3_build2/work/constraint/alchitry.xdc]. These constraints will be ignored for synthesis but will be used in implementation. Impacted constraints are listed in the file [.Xil/top_propImpl.xdc].
Resolution: To avoid this warning, move constraints listed in [.Xil/top_propImpl.xdc] to another XDC file and exclude this new file from synthesis with the used_in_synthesis property (File Properties dialog in GUI) and re-run elaboration/synthesis.
Parsing XDC File [C:/Users/Raphael/Documents/Uni/FYP/Fpgastuff/ddr3_build2.srcs/constrs_1/imports/Users/Raphael/Documents/alchitry/ddr3_build2/work/constraint/io.xdc]
Finished Parsing XDC File [C:/Users/Raphael/Documents/Uni/FYP/Fpgastuff/ddr3_build2.srcs/constrs_1/imports/Users/Raphael/Documents/alchitry/ddr3_build2/work/constraint/io.xdc]
INFO: [Project 1-236] Implementation specific constraints were found while reading constraint file [C:/Users/Raphael/Documents/Uni/FYP/Fpgastuff/ddr3_build2.srcs/constrs_1/imports/Users/Raphael/Documents/alchitry/ddr3_build2/work/constraint/io.xdc]. These constraints will be ignored for synthesis but will be used in implementation. Impacted constraints are listed in the file [.Xil/top_propImpl.xdc].
Resolution: To avoid this warning, move constraints listed in [.Xil/top_propImpl.xdc] to another XDC file and exclude this new file from synthesis with the used_in_synthesis property (File Properties dialog in GUI) and re-run elaboration/synthesis.
Parsing XDC File [C:/Users/Raphael/Documents/Uni/FYP/Fpgastuff/ddr3_build2.srcs/constrs_1/imports/components/au.xdc]
Finished Parsing XDC File [C:/Users/Raphael/Documents/Uni/FYP/Fpgastuff/ddr3_build2.srcs/constrs_1/imports/components/au.xdc]
Parsing XDC File [C:/Users/Raphael/Documents/Uni/FYP/Fpgastuff/ddr3_build2.runs/synth_1/dont_touch.xdc]
Finished Parsing XDC File [C:/Users/Raphael/Documents/Uni/FYP/Fpgastuff/ddr3_build2.runs/synth_1/dont_touch.xdc]
Completed Processing XDC Constraints

Netlist sorting complete. Time (s): cpu = 00:00:00 ; elapsed = 00:00:00.001 . Memory (MB): peak = 1024.734 ; gain = 0.000
INFO: [Project 1-111] Unisim Transformation Summary:
No Unisim elements were transformed.

Constraint Validation Runtime : Time (s): cpu = 00:00:00 ; elapsed = 00:00:00.016 . Memory (MB): peak = 1024.734 ; gain = 0.000
---------------------------------------------------------------------------------
Finished Constraint Validation : Time (s): cpu = 00:00:17 ; elapsed = 00:00:17 . Memory (MB): peak = 1024.734 ; gain = 20.914
---------------------------------------------------------------------------------
---------------------------------------------------------------------------------
Start Loading Part and Timing Information
---------------------------------------------------------------------------------
Loading part: xc7a35tftg256-1
---------------------------------------------------------------------------------
Finished Loading Part and Timing Information : Time (s): cpu = 00:00:17 ; elapsed = 00:00:17 . Memory (MB): peak = 1024.734 ; gain = 20.914
---------------------------------------------------------------------------------
---------------------------------------------------------------------------------
Start Applying 'set_property' XDC Constraints
---------------------------------------------------------------------------------
Applied set_property IO_BUFFER_TYPE = NONE for ddr3_addr[0]. (constraint file  c:/Users/Raphael/Documents/Uni/FYP/Fpgastuff/ddr3_build2.gen/sources_1/ip/mig_7series_0/mig_7series_0/mig_7series_0_in_context.xdc, line 2).
Applied set_property CLOCK_BUFFER_TYPE = NONE for ddr3_addr[0]. (constraint file  c:/Users/Raphael/Documents/Uni/FYP/Fpgastuff/ddr3_build2.gen/sources_1/ip/mig_7series_0/mig_7series_0/mig_7series_0_in_context.xdc, line 3).
Applied set_property IO_BUFFER_TYPE = NONE for ddr3_addr[10]. (constraint file  c:/Users/Raphael/Documents/Uni/FYP/Fpgastuff/ddr3_build2.gen/sources_1/ip/mig_7series_0/mig_7series_0/mig_7series_0_in_context.xdc, line 4).
Applied set_property CLOCK_BUFFER_TYPE = NONE for ddr3_addr[10]. (constraint file  c:/Users/Raphael/Documents/Uni/FYP/Fpgastuff/ddr3_build2.gen/sources_1/ip/mig_7series_0/mig_7series_0/mig_7series_0_in_context.xdc, line 5).
Applied set_property IO_BUFFER_TYPE = NONE for ddr3_addr[11]. (constraint file  c:/Users/Raphael/Documents/Uni/FYP/Fpgastuff/ddr3_build2.gen/sources_1/ip/mig_7series_0/mig_7series_0/mig_7series_0_in_context.xdc, line 6).
Applied set_property CLOCK_BUFFER_TYPE = NONE for ddr3_addr[11]. (constraint file  c:/Users/Raphael/Documents/Uni/FYP/Fpgastuff/ddr3_build2.gen/sources_1/ip/mig_7series_0/mig_7series_0/mig_7series_0_in_context.xdc, line 7).
Applied set_property IO_BUFFER_TYPE = NONE for ddr3_addr[12]. (constraint file  c:/Users/Raphael/Documents/Uni/FYP/Fpgastuff/ddr3_build2.gen/sources_1/ip/mig_7series_0/mig_7series_0/mig_7series_0_in_context.xdc, line 8).
Applied set_property CLOCK_BUFFER_TYPE = NONE for ddr3_addr[12]. (constraint file  c:/Users/Raphael/Documents/Uni/FYP/Fpgastuff/ddr3_build2.gen/sources_1/ip/mig_7series_0/mig_7series_0/mig_7series_0_in_context.xdc, line 9).
Applied set_property IO_BUFFER_TYPE = NONE for ddr3_addr[13]. (constraint file  c:/Users/Raphael/Documents/Uni/FYP/Fpgastuff/ddr3_build2.gen/sources_1/ip/mig_7series_0/mig_7series_0/mig_7series_0_in_context.xdc, line 10).
Applied set_property CLOCK_BUFFER_TYPE = NONE for ddr3_addr[13]. (constraint file  c:/Users/Raphael/Documents/Uni/FYP/Fpgastuff/ddr3_build2.gen/sources_1/ip/mig_7series_0/mig_7series_0/mig_7series_0_in_context.xdc, line 11).
Applied set_property IO_BUFFER_TYPE = NONE for ddr3_addr[1]. (constraint file  c:/Users/Raphael/Documents/Uni/FYP/Fpgastuff/ddr3_build2.gen/sources_1/ip/mig_7series_0/mig_7series_0/mig_7series_0_in_context.xdc, line 12).
Applied set_property CLOCK_BUFFER_TYPE = NONE for ddr3_addr[1]. (constraint file  c:/Users/Raphael/Documents/Uni/FYP/Fpgastuff/ddr3_build2.gen/sources_1/ip/mig_7series_0/mig_7series_0/mig_7series_0_in_context.xdc, line 13).
Applied set_property IO_BUFFER_TYPE = NONE for ddr3_addr[2]. (constraint file  c:/Users/Raphael/Documents/Uni/FYP/Fpgastuff/ddr3_build2.gen/sources_1/ip/mig_7series_0/mig_7series_0/mig_7series_0_in_context.xdc, line 14).
Applied set_property CLOCK_BUFFER_TYPE = NONE for ddr3_addr[2]. (constraint file  c:/Users/Raphael/Documents/Uni/FYP/Fpgastuff/ddr3_build2.gen/sources_1/ip/mig_7series_0/mig_7series_0/mig_7series_0_in_context.xdc, line 15).
Applied set_property IO_BUFFER_TYPE = NONE for ddr3_addr[3]. (constraint file  c:/Users/Raphael/Documents/Uni/FYP/Fpgastuff/ddr3_build2.gen/sources_1/ip/mig_7series_0/mig_7series_0/mig_7series_0_in_context.xdc, line 16).
Applied set_property CLOCK_BUFFER_TYPE = NONE for ddr3_addr[3]. (constraint file  c:/Users/Raphael/Documents/Uni/FYP/Fpgastuff/ddr3_build2.gen/sources_1/ip/mig_7series_0/mig_7series_0/mig_7series_0_in_context.xdc, line 17).
Applied set_property IO_BUFFER_TYPE = NONE for ddr3_addr[4]. (constraint file  c:/Users/Raphael/Documents/Uni/FYP/Fpgastuff/ddr3_build2.gen/sources_1/ip/mig_7series_0/mig_7series_0/mig_7series_0_in_context.xdc, line 18).
Applied set_property CLOCK_BUFFER_TYPE = NONE for ddr3_addr[4]. (constraint file  c:/Users/Raphael/Documents/Uni/FYP/Fpgastuff/ddr3_build2.gen/sources_1/ip/mig_7series_0/mig_7series_0/mig_7series_0_in_context.xdc, line 19).
Applied set_property IO_BUFFER_TYPE = NONE for ddr3_addr[5]. (constraint file  c:/Users/Raphael/Documents/Uni/FYP/Fpgastuff/ddr3_build2.gen/sources_1/ip/mig_7series_0/mig_7series_0/mig_7series_0_in_context.xdc, line 20).
Applied set_property CLOCK_BUFFER_TYPE = NONE for ddr3_addr[5]. (constraint file  c:/Users/Raphael/Documents/Uni/FYP/Fpgastuff/ddr3_build2.gen/sources_1/ip/mig_7series_0/mig_7series_0/mig_7series_0_in_context.xdc, line 21).
Applied set_property IO_BUFFER_TYPE = NONE for ddr3_addr[6]. (constraint file  c:/Users/Raphael/Documents/Uni/FYP/Fpgastuff/ddr3_build2.gen/sources_1/ip/mig_7series_0/mig_7series_0/mig_7series_0_in_context.xdc, line 22).
Applied set_property CLOCK_BUFFER_TYPE = NONE for ddr3_addr[6]. (constraint file  c:/Users/Raphael/Documents/Uni/FYP/Fpgastuff/ddr3_build2.gen/sources_1/ip/mig_7series_0/mig_7series_0/mig_7series_0_in_context.xdc, line 23).
Applied set_property IO_BUFFER_TYPE = NONE for ddr3_addr[7]. (constraint file  c:/Users/Raphael/Documents/Uni/FYP/Fpgastuff/ddr3_build2.gen/sources_1/ip/mig_7series_0/mig_7series_0/mig_7series_0_in_context.xdc, line 24).
Applied set_property CLOCK_BUFFER_TYPE = NONE for ddr3_addr[7]. (constraint file  c:/Users/Raphael/Documents/Uni/FYP/Fpgastuff/ddr3_build2.gen/sources_1/ip/mig_7series_0/mig_7series_0/mig_7series_0_in_context.xdc, line 25).
Applied set_property IO_BUFFER_TYPE = NONE for ddr3_addr[8]. (constraint file  c:/Users/Raphael/Documents/Uni/FYP/Fpgastuff/ddr3_build2.gen/sources_1/ip/mig_7series_0/mig_7series_0/mig_7series_0_in_context.xdc, line 26).
Applied set_property CLOCK_BUFFER_TYPE = NONE for ddr3_addr[8]. (constraint file  c:/Users/Raphael/Documents/Uni/FYP/Fpgastuff/ddr3_build2.gen/sources_1/ip/mig_7series_0/mig_7series_0/mig_7series_0_in_context.xdc, line 27).
Applied set_property IO_BUFFER_TYPE = NONE for ddr3_addr[9]. (constraint file  c:/Users/Raphael/Documents/Uni/FYP/Fpgastuff/ddr3_build2.gen/sources_1/ip/mig_7series_0/mig_7series_0/mig_7series_0_in_context.xdc, line 28).
Applied set_property CLOCK_BUFFER_TYPE = NONE for ddr3_addr[9]. (constraint file  c:/Users/Raphael/Documents/Uni/FYP/Fpgastuff/ddr3_build2.gen/sources_1/ip/mig_7series_0/mig_7series_0/mig_7series_0_in_context.xdc, line 29).
Applied set_property IO_BUFFER_TYPE = NONE for ddr3_ba[0]. (constraint file  c:/Users/Raphael/Documents/Uni/FYP/Fpgastuff/ddr3_build2.gen/sources_1/ip/mig_7series_0/mig_7series_0/mig_7series_0_in_context.xdc, line 30).
Applied set_property CLOCK_BUFFER_TYPE = NONE for ddr3_ba[0]. (constraint file  c:/Users/Raphael/Documents/Uni/FYP/Fpgastuff/ddr3_build2.gen/sources_1/ip/mig_7series_0/mig_7series_0/mig_7series_0_in_context.xdc, line 31).
Applied set_property IO_BUFFER_TYPE = NONE for ddr3_ba[1]. (constraint file  c:/Users/Raphael/Documents/Uni/FYP/Fpgastuff/ddr3_build2.gen/sources_1/ip/mig_7series_0/mig_7series_0/mig_7series_0_in_context.xdc, line 32).
Applied set_property CLOCK_BUFFER_TYPE = NONE for ddr3_ba[1]. (constraint file  c:/Users/Raphael/Documents/Uni/FYP/Fpgastuff/ddr3_build2.gen/sources_1/ip/mig_7series_0/mig_7series_0/mig_7series_0_in_context.xdc, line 33).
Applied set_property IO_BUFFER_TYPE = NONE for ddr3_ba[2]. (constraint file  c:/Users/Raphael/Documents/Uni/FYP/Fpgastuff/ddr3_build2.gen/sources_1/ip/mig_7series_0/mig_7series_0/mig_7series_0_in_context.xdc, line 34).
Applied set_property CLOCK_BUFFER_TYPE = NONE for ddr3_ba[2]. (constraint file  c:/Users/Raphael/Documents/Uni/FYP/Fpgastuff/ddr3_build2.gen/sources_1/ip/mig_7series_0/mig_7series_0/mig_7series_0_in_context.xdc, line 35).
Applied set_property IO_BUFFER_TYPE = NONE for ddr3_cas_n. (constraint file  c:/Users/Raphael/Documents/Uni/FYP/Fpgastuff/ddr3_build2.gen/sources_1/ip/mig_7series_0/mig_7series_0/mig_7series_0_in_context.xdc, line 36).
Applied set_property CLOCK_BUFFER_TYPE = NONE for ddr3_cas_n. (constraint file  c:/Users/Raphael/Documents/Uni/FYP/Fpgastuff/ddr3_build2.gen/sources_1/ip/mig_7series_0/mig_7series_0/mig_7series_0_in_context.xdc, line 37).
Applied set_property IO_BUFFER_TYPE = NONE for ddr3_ck_n. (constraint file  c:/Users/Raphael/Documents/Uni/FYP/Fpgastuff/ddr3_build2.gen/sources_1/ip/mig_7series_0/mig_7series_0/mig_7series_0_in_context.xdc, line 38).
Applied set_property CLOCK_BUFFER_TYPE = NONE for ddr3_ck_n. (constraint file  c:/Users/Raphael/Documents/Uni/FYP/Fpgastuff/ddr3_build2.gen/sources_1/ip/mig_7series_0/mig_7series_0/mig_7series_0_in_context.xdc, line 39).
Applied set_property IO_BUFFER_TYPE = NONE for ddr3_ck_p. (constraint file  c:/Users/Raphael/Documents/Uni/FYP/Fpgastuff/ddr3_build2.gen/sources_1/ip/mig_7series_0/mig_7series_0/mig_7series_0_in_context.xdc, line 40).
Applied set_property CLOCK_BUFFER_TYPE = NONE for ddr3_ck_p. (constraint file  c:/Users/Raphael/Documents/Uni/FYP/Fpgastuff/ddr3_build2.gen/sources_1/ip/mig_7series_0/mig_7series_0/mig_7series_0_in_context.xdc, line 41).
Applied set_property IO_BUFFER_TYPE = NONE for ddr3_cke. (constraint file  c:/Users/Raphael/Documents/Uni/FYP/Fpgastuff/ddr3_build2.gen/sources_1/ip/mig_7series_0/mig_7series_0/mig_7series_0_in_context.xdc, line 42).
Applied set_property CLOCK_BUFFER_TYPE = NONE for ddr3_cke. (constraint file  c:/Users/Raphael/Documents/Uni/FYP/Fpgastuff/ddr3_build2.gen/sources_1/ip/mig_7series_0/mig_7series_0/mig_7series_0_in_context.xdc, line 43).
Applied set_property IO_BUFFER_TYPE = NONE for ddr3_cs_n. (constraint file  c:/Users/Raphael/Documents/Uni/FYP/Fpgastuff/ddr3_build2.gen/sources_1/ip/mig_7series_0/mig_7series_0/mig_7series_0_in_context.xdc, line 44).
Applied set_property CLOCK_BUFFER_TYPE = NONE for ddr3_cs_n. (constraint file  c:/Users/Raphael/Documents/Uni/FYP/Fpgastuff/ddr3_build2.gen/sources_1/ip/mig_7series_0/mig_7series_0/mig_7series_0_in_context.xdc, line 45).
Applied set_property IO_BUFFER_TYPE = NONE for ddr3_dm[0]. (constraint file  c:/Users/Raphael/Documents/Uni/FYP/Fpgastuff/ddr3_build2.gen/sources_1/ip/mig_7series_0/mig_7series_0/mig_7series_0_in_context.xdc, line 46).
Applied set_property CLOCK_BUFFER_TYPE = NONE for ddr3_dm[0]. (constraint file  c:/Users/Raphael/Documents/Uni/FYP/Fpgastuff/ddr3_build2.gen/sources_1/ip/mig_7series_0/mig_7series_0/mig_7series_0_in_context.xdc, line 47).
Applied set_property IO_BUFFER_TYPE = NONE for ddr3_dm[1]. (constraint file  c:/Users/Raphael/Documents/Uni/FYP/Fpgastuff/ddr3_build2.gen/sources_1/ip/mig_7series_0/mig_7series_0/mig_7series_0_in_context.xdc, line 48).
Applied set_property CLOCK_BUFFER_TYPE = NONE for ddr3_dm[1]. (constraint file  c:/Users/Raphael/Documents/Uni/FYP/Fpgastuff/ddr3_build2.gen/sources_1/ip/mig_7series_0/mig_7series_0/mig_7series_0_in_context.xdc, line 49).
Applied set_property IO_BUFFER_TYPE = NONE for ddr3_dq[0]. (constraint file  c:/Users/Raphael/Documents/Uni/FYP/Fpgastuff/ddr3_build2.gen/sources_1/ip/mig_7series_0/mig_7series_0/mig_7series_0_in_context.xdc, line 50).
Applied set_property CLOCK_BUFFER_TYPE = NONE for ddr3_dq[0]. (constraint file  c:/Users/Raphael/Documents/Uni/FYP/Fpgastuff/ddr3_build2.gen/sources_1/ip/mig_7series_0/mig_7series_0/mig_7series_0_in_context.xdc, line 51).
Applied set_property IO_BUFFER_TYPE = NONE for ddr3_dq[10]. (constraint file  c:/Users/Raphael/Documents/Uni/FYP/Fpgastuff/ddr3_build2.gen/sources_1/ip/mig_7series_0/mig_7series_0/mig_7series_0_in_context.xdc, line 52).
Applied set_property CLOCK_BUFFER_TYPE = NONE for ddr3_dq[10]. (constraint file  c:/Users/Raphael/Documents/Uni/FYP/Fpgastuff/ddr3_build2.gen/sources_1/ip/mig_7series_0/mig_7series_0/mig_7series_0_in_context.xdc, line 53).
Applied set_property IO_BUFFER_TYPE = NONE for ddr3_dq[11]. (constraint file  c:/Users/Raphael/Documents/Uni/FYP/Fpgastuff/ddr3_build2.gen/sources_1/ip/mig_7series_0/mig_7series_0/mig_7series_0_in_context.xdc, line 54).
Applied set_property CLOCK_BUFFER_TYPE = NONE for ddr3_dq[11]. (constraint file  c:/Users/Raphael/Documents/Uni/FYP/Fpgastuff/ddr3_build2.gen/sources_1/ip/mig_7series_0/mig_7series_0/mig_7series_0_in_context.xdc, line 55).
Applied set_property IO_BUFFER_TYPE = NONE for ddr3_dq[12]. (constraint file  c:/Users/Raphael/Documents/Uni/FYP/Fpgastuff/ddr3_build2.gen/sources_1/ip/mig_7series_0/mig_7series_0/mig_7series_0_in_context.xdc, line 56).
Applied set_property CLOCK_BUFFER_TYPE = NONE for ddr3_dq[12]. (constraint file  c:/Users/Raphael/Documents/Uni/FYP/Fpgastuff/ddr3_build2.gen/sources_1/ip/mig_7series_0/mig_7series_0/mig_7series_0_in_context.xdc, line 57).
Applied set_property IO_BUFFER_TYPE = NONE for ddr3_dq[13]. (constraint file  c:/Users/Raphael/Documents/Uni/FYP/Fpgastuff/ddr3_build2.gen/sources_1/ip/mig_7series_0/mig_7series_0/mig_7series_0_in_context.xdc, line 58).
Applied set_property CLOCK_BUFFER_TYPE = NONE for ddr3_dq[13]. (constraint file  c:/Users/Raphael/Documents/Uni/FYP/Fpgastuff/ddr3_build2.gen/sources_1/ip/mig_7series_0/mig_7series_0/mig_7series_0_in_context.xdc, line 59).
Applied set_property IO_BUFFER_TYPE = NONE for ddr3_dq[14]. (constraint file  c:/Users/Raphael/Documents/Uni/FYP/Fpgastuff/ddr3_build2.gen/sources_1/ip/mig_7series_0/mig_7series_0/mig_7series_0_in_context.xdc, line 60).
Applied set_property CLOCK_BUFFER_TYPE = NONE for ddr3_dq[14]. (constraint file  c:/Users/Raphael/Documents/Uni/FYP/Fpgastuff/ddr3_build2.gen/sources_1/ip/mig_7series_0/mig_7series_0/mig_7series_0_in_context.xdc, line 61).
Applied set_property IO_BUFFER_TYPE = NONE for ddr3_dq[15]. (constraint file  c:/Users/Raphael/Documents/Uni/FYP/Fpgastuff/ddr3_build2.gen/sources_1/ip/mig_7series_0/mig_7series_0/mig_7series_0_in_context.xdc, line 62).
Applied set_property CLOCK_BUFFER_TYPE = NONE for ddr3_dq[15]. (constraint file  c:/Users/Raphael/Documents/Uni/FYP/Fpgastuff/ddr3_build2.gen/sources_1/ip/mig_7series_0/mig_7series_0/mig_7series_0_in_context.xdc, line 63).
Applied set_property IO_BUFFER_TYPE = NONE for ddr3_dq[1]. (constraint file  c:/Users/Raphael/Documents/Uni/FYP/Fpgastuff/ddr3_build2.gen/sources_1/ip/mig_7series_0/mig_7series_0/mig_7series_0_in_context.xdc, line 64).
Applied set_property CLOCK_BUFFER_TYPE = NONE for ddr3_dq[1]. (constraint file  c:/Users/Raphael/Documents/Uni/FYP/Fpgastuff/ddr3_build2.gen/sources_1/ip/mig_7series_0/mig_7series_0/mig_7series_0_in_context.xdc, line 65).
Applied set_property IO_BUFFER_TYPE = NONE for ddr3_dq[2]. (constraint file  c:/Users/Raphael/Documents/Uni/FYP/Fpgastuff/ddr3_build2.gen/sources_1/ip/mig_7series_0/mig_7series_0/mig_7series_0_in_context.xdc, line 66).
Applied set_property CLOCK_BUFFER_TYPE = NONE for ddr3_dq[2]. (constraint file  c:/Users/Raphael/Documents/Uni/FYP/Fpgastuff/ddr3_build2.gen/sources_1/ip/mig_7series_0/mig_7series_0/mig_7series_0_in_context.xdc, line 67).
Applied set_property IO_BUFFER_TYPE = NONE for ddr3_dq[3]. (constraint file  c:/Users/Raphael/Documents/Uni/FYP/Fpgastuff/ddr3_build2.gen/sources_1/ip/mig_7series_0/mig_7series_0/mig_7series_0_in_context.xdc, line 68).
Applied set_property CLOCK_BUFFER_TYPE = NONE for ddr3_dq[3]. (constraint file  c:/Users/Raphael/Documents/Uni/FYP/Fpgastuff/ddr3_build2.gen/sources_1/ip/mig_7series_0/mig_7series_0/mig_7series_0_in_context.xdc, line 69).
Applied set_property IO_BUFFER_TYPE = NONE for ddr3_dq[4]. (constraint file  c:/Users/Raphael/Documents/Uni/FYP/Fpgastuff/ddr3_build2.gen/sources_1/ip/mig_7series_0/mig_7series_0/mig_7series_0_in_context.xdc, line 70).
Applied set_property CLOCK_BUFFER_TYPE = NONE for ddr3_dq[4]. (constraint file  c:/Users/Raphael/Documents/Uni/FYP/Fpgastuff/ddr3_build2.gen/sources_1/ip/mig_7series_0/mig_7series_0/mig_7series_0_in_context.xdc, line 71).
Applied set_property IO_BUFFER_TYPE = NONE for ddr3_dq[5]. (constraint file  c:/Users/Raphael/Documents/Uni/FYP/Fpgastuff/ddr3_build2.gen/sources_1/ip/mig_7series_0/mig_7series_0/mig_7series_0_in_context.xdc, line 72).
Applied set_property CLOCK_BUFFER_TYPE = NONE for ddr3_dq[5]. (constraint file  c:/Users/Raphael/Documents/Uni/FYP/Fpgastuff/ddr3_build2.gen/sources_1/ip/mig_7series_0/mig_7series_0/mig_7series_0_in_context.xdc, line 73).
Applied set_property IO_BUFFER_TYPE = NONE for ddr3_dq[6]. (constraint file  c:/Users/Raphael/Documents/Uni/FYP/Fpgastuff/ddr3_build2.gen/sources_1/ip/mig_7series_0/mig_7series_0/mig_7series_0_in_context.xdc, line 74).
Applied set_property CLOCK_BUFFER_TYPE = NONE for ddr3_dq[6]. (constraint file  c:/Users/Raphael/Documents/Uni/FYP/Fpgastuff/ddr3_build2.gen/sources_1/ip/mig_7series_0/mig_7series_0/mig_7series_0_in_context.xdc, line 75).
Applied set_property IO_BUFFER_TYPE = NONE for ddr3_dq[7]. (constraint file  c:/Users/Raphael/Documents/Uni/FYP/Fpgastuff/ddr3_build2.gen/sources_1/ip/mig_7series_0/mig_7series_0/mig_7series_0_in_context.xdc, line 76).
Applied set_property CLOCK_BUFFER_TYPE = NONE for ddr3_dq[7]. (constraint file  c:/Users/Raphael/Documents/Uni/FYP/Fpgastuff/ddr3_build2.gen/sources_1/ip/mig_7series_0/mig_7series_0/mig_7series_0_in_context.xdc, line 77).
Applied set_property IO_BUFFER_TYPE = NONE for ddr3_dq[8]. (constraint file  c:/Users/Raphael/Documents/Uni/FYP/Fpgastuff/ddr3_build2.gen/sources_1/ip/mig_7series_0/mig_7series_0/mig_7series_0_in_context.xdc, line 78).
Applied set_property CLOCK_BUFFER_TYPE = NONE for ddr3_dq[8]. (constraint file  c:/Users/Raphael/Documents/Uni/FYP/Fpgastuff/ddr3_build2.gen/sources_1/ip/mig_7series_0/mig_7series_0/mig_7series_0_in_context.xdc, line 79).
Applied set_property IO_BUFFER_TYPE = NONE for ddr3_dq[9]. (constraint file  c:/Users/Raphael/Documents/Uni/FYP/Fpgastuff/ddr3_build2.gen/sources_1/ip/mig_7series_0/mig_7series_0/mig_7series_0_in_context.xdc, line 80).
Applied set_property CLOCK_BUFFER_TYPE = NONE for ddr3_dq[9]. (constraint file  c:/Users/Raphael/Documents/Uni/FYP/Fpgastuff/ddr3_build2.gen/sources_1/ip/mig_7series_0/mig_7series_0/mig_7series_0_in_context.xdc, line 81).
Applied set_property IO_BUFFER_TYPE = NONE for ddr3_dqs_n[0]. (constraint file  c:/Users/Raphael/Documents/Uni/FYP/Fpgastuff/ddr3_build2.gen/sources_1/ip/mig_7series_0/mig_7series_0/mig_7series_0_in_context.xdc, line 82).
Applied set_property CLOCK_BUFFER_TYPE = NONE for ddr3_dqs_n[0]. (constraint file  c:/Users/Raphael/Documents/Uni/FYP/Fpgastuff/ddr3_build2.gen/sources_1/ip/mig_7series_0/mig_7series_0/mig_7series_0_in_context.xdc, line 83).
Applied set_property IO_BUFFER_TYPE = NONE for ddr3_dqs_n[1]. (constraint file  c:/Users/Raphael/Documents/Uni/FYP/Fpgastuff/ddr3_build2.gen/sources_1/ip/mig_7series_0/mig_7series_0/mig_7series_0_in_context.xdc, line 84).
Applied set_property CLOCK_BUFFER_TYPE = NONE for ddr3_dqs_n[1]. (constraint file  c:/Users/Raphael/Documents/Uni/FYP/Fpgastuff/ddr3_build2.gen/sources_1/ip/mig_7series_0/mig_7series_0/mig_7series_0_in_context.xdc, line 85).
Applied set_property IO_BUFFER_TYPE = NONE for ddr3_dqs_p[0]. (constraint file  c:/Users/Raphael/Documents/Uni/FYP/Fpgastuff/ddr3_build2.gen/sources_1/ip/mig_7series_0/mig_7series_0/mig_7series_0_in_context.xdc, line 86).
Applied set_property CLOCK_BUFFER_TYPE = NONE for ddr3_dqs_p[0]. (constraint file  c:/Users/Raphael/Documents/Uni/FYP/Fpgastuff/ddr3_build2.gen/sources_1/ip/mig_7series_0/mig_7series_0/mig_7series_0_in_context.xdc, line 87).
Applied set_property IO_BUFFER_TYPE = NONE for ddr3_dqs_p[1]. (constraint file  c:/Users/Raphael/Documents/Uni/FYP/Fpgastuff/ddr3_build2.gen/sources_1/ip/mig_7series_0/mig_7series_0/mig_7series_0_in_context.xdc, line 88).
Applied set_property CLOCK_BUFFER_TYPE = NONE for ddr3_dqs_p[1]. (constraint file  c:/Users/Raphael/Documents/Uni/FYP/Fpgastuff/ddr3_build2.gen/sources_1/ip/mig_7series_0/mig_7series_0/mig_7series_0_in_context.xdc, line 89).
Applied set_property IO_BUFFER_TYPE = NONE for ddr3_odt. (constraint file  c:/Users/Raphael/Documents/Uni/FYP/Fpgastuff/ddr3_build2.gen/sources_1/ip/mig_7series_0/mig_7series_0/mig_7series_0_in_context.xdc, line 90).
Applied set_property CLOCK_BUFFER_TYPE = NONE for ddr3_odt. (constraint file  c:/Users/Raphael/Documents/Uni/FYP/Fpgastuff/ddr3_build2.gen/sources_1/ip/mig_7series_0/mig_7series_0/mig_7series_0_in_context.xdc, line 91).
Applied set_property IO_BUFFER_TYPE = NONE for ddr3_ras_n. (constraint file  c:/Users/Raphael/Documents/Uni/FYP/Fpgastuff/ddr3_build2.gen/sources_1/ip/mig_7series_0/mig_7series_0/mig_7series_0_in_context.xdc, line 92).
Applied set_property CLOCK_BUFFER_TYPE = NONE for ddr3_ras_n. (constraint file  c:/Users/Raphael/Documents/Uni/FYP/Fpgastuff/ddr3_build2.gen/sources_1/ip/mig_7series_0/mig_7series_0/mig_7series_0_in_context.xdc, line 93).
Applied set_property IO_BUFFER_TYPE = NONE for ddr3_reset_n. (constraint file  c:/Users/Raphael/Documents/Uni/FYP/Fpgastuff/ddr3_build2.gen/sources_1/ip/mig_7series_0/mig_7series_0/mig_7series_0_in_context.xdc, line 94).
Applied set_property CLOCK_BUFFER_TYPE = NONE for ddr3_reset_n. (constraint file  c:/Users/Raphael/Documents/Uni/FYP/Fpgastuff/ddr3_build2.gen/sources_1/ip/mig_7series_0/mig_7series_0/mig_7series_0_in_context.xdc, line 95).
Applied set_property IO_BUFFER_TYPE = NONE for ddr3_we_n. (constraint file  c:/Users/Raphael/Documents/Uni/FYP/Fpgastuff/ddr3_build2.gen/sources_1/ip/mig_7series_0/mig_7series_0/mig_7series_0_in_context.xdc, line 96).
Applied set_property CLOCK_BUFFER_TYPE = NONE for ddr3_we_n. (constraint file  c:/Users/Raphael/Documents/Uni/FYP/Fpgastuff/ddr3_build2.gen/sources_1/ip/mig_7series_0/mig_7series_0/mig_7series_0_in_context.xdc, line 97).
Applied set_property IO_BUFFER_TYPE = NONE for clk. (constraint file  c:/Users/Raphael/Documents/Uni/FYP/Fpgastuff/ddr3_build2.gen/sources_1/ip/clk_wiz_0/clk_wiz_0/clk_wiz_0_in_context.xdc, line 5).
Applied set_property CLOCK_BUFFER_TYPE = NONE for clk. (constraint file  c:/Users/Raphael/Documents/Uni/FYP/Fpgastuff/ddr3_build2.gen/sources_1/ip/clk_wiz_0/clk_wiz_0/clk_wiz_0_in_context.xdc, line 6).
Applied set_property KEEP_HIERARCHY = SOFT for mig/mig. (constraint file  auto generated constraint).
Applied set_property KEEP_HIERARCHY = SOFT for clk_wiz. (constraint file  auto generated constraint).
---------------------------------------------------------------------------------
Finished applying 'set_property' XDC Constraints : Time (s): cpu = 00:00:17 ; elapsed = 00:00:18 . Memory (MB): peak = 1024.734 ; gain = 20.914
---------------------------------------------------------------------------------
INFO: [Synth 8-802] inferred FSM for state register 'state_q_reg' in module 'serialRx'
INFO: [Synth 8-802] inferred FSM for state register 'state_q_reg' in module 'serialTx'
---------------------------------------------------------------------------------------------------
                   State |                     New Encoding |                Previous Encoding 
---------------------------------------------------------------------------------------------------
                    IDLE |                               00 |                               00
               WAIT_HALF |                               01 |                               01
               WAIT_FULL |                               10 |                               10
               WAIT_HIGH |                               11 |                               11
---------------------------------------------------------------------------------------------------
INFO: [Synth 8-3354] encoded FSM with state register 'state_q_reg' using encoding 'sequential' in module 'serialRx'
---------------------------------------------------------------------------------------------------
                   State |                     New Encoding |                Previous Encoding 
---------------------------------------------------------------------------------------------------
                    IDLE |                               00 |                               00
               START_BIT |                               01 |                               01
                    DATA |                               10 |                               10
                STOP_BIT |                               11 |                               11
---------------------------------------------------------------------------------------------------
INFO: [Synth 8-3354] encoded FSM with state register 'state_q_reg' using encoding 'sequential' in module 'serialTx'
---------------------------------------------------------------------------------
Finished RTL Optimization Phase 2 : Time (s): cpu = 00:00:19 ; elapsed = 00:00:19 . Memory (MB): peak = 1024.734 ; gain = 20.914
---------------------------------------------------------------------------------
---------------------------------------------------------------------------------
Start RTL Component Statistics 
---------------------------------------------------------------------------------
Detailed RTL Component Info : 
+---Adders : 
	   2 Input   10 Bit       Adders := 2     
	   2 Input    3 Bit       Adders := 2     
+---Registers : 
	              128 Bit    Registers := 1     
	               28 Bit    Registers := 3     
	               25 Bit    Registers := 1     
	               24 Bit    Registers := 1     
	               16 Bit    Registers := 1     
	               10 Bit    Registers := 2     
	                8 Bit    Registers := 4     
	                3 Bit    Registers := 4     
	                1 Bit    Registers := 30    
+---Muxes : 
	   4 Input  177 Bit        Muxes := 1     
	   2 Input  128 Bit        Muxes := 39    
	   8 Input  128 Bit        Muxes := 2     
	   8 Input   25 Bit        Muxes := 1     
	   2 Input   24 Bit        Muxes := 2     
	   2 Input   16 Bit        Muxes := 18    
	   4 Input   16 Bit        Muxes := 1     
	   4 Input   10 Bit        Muxes := 2     
	   2 Input    8 Bit        Muxes := 1     
	   4 Input    3 Bit        Muxes := 2     
	   2 Input    3 Bit        Muxes := 4     
	   4 Input    2 Bit        Muxes := 2     
	   8 Input    2 Bit        Muxes := 2     
	   2 Input    1 Bit        Muxes := 60    
	   4 Input    1 Bit        Muxes := 11    
	   8 Input    1 Bit        Muxes := 11    
---------------------------------------------------------------------------------
Finished RTL Component Statistics 
---------------------------------------------------------------------------------
---------------------------------------------------------------------------------
Start Part Resource Summary
---------------------------------------------------------------------------------
Part Resources:
DSPs: 90 (col length:60)
BRAMs: 100 (col length: RAMB18 60 RAMB36 30)
---------------------------------------------------------------------------------
Finished Part Resource Summary
---------------------------------------------------------------------------------
---------------------------------------------------------------------------------
Start Cross Boundary and Area Optimization
---------------------------------------------------------------------------------
DSP Report: Generating DSP u/tmp, operation Mode is: A*B.
DSP Report: operator u/tmp is absorbed into DSP u/tmp.
DSP Report: operator u/tmp is absorbed into DSP u/tmp.
DSP Report: Generating DSP u/tmp, operation Mode is: (PCIN>>17)+A*B.
DSP Report: operator u/tmp is absorbed into DSP u/tmp.
DSP Report: operator u/tmp is absorbed into DSP u/tmp.
---------------------------------------------------------------------------------
Finished Cross Boundary and Area Optimization : Time (s): cpu = 00:00:26 ; elapsed = 00:00:26 . Memory (MB): peak = 1024.734 ; gain = 20.914
---------------------------------------------------------------------------------
---------------------------------------------------------------------------------
Start ROM, RAM, DSP, Shift Register and Retiming Reporting
---------------------------------------------------------------------------------

DSP: Preliminary Mapping	Report (see note below)
+------------+----------------+--------+--------+--------+--------+--------+------+------+------+------+-------+------+------+
|Module Name | DSP Mapping    | A Size | B Size | C Size | D Size | P Size | AREG | BREG | CREG | DREG | ADREG | MREG | PREG | 
+------------+----------------+--------+--------+--------+--------+--------+------+------+------+------+-------+------+------+
|userland    | A*B            | 25     | 18     | -      | -      | 48     | 0    | 0    | -    | -    | -     | 0    | 0    | 
|userland    | (PCIN>>17)+A*B | 19     | 8      | -      | -      | 19     | 0    | 0    | -    | -    | -     | 0    | 0    | 
+------------+----------------+--------+--------+--------+--------+--------+------+------+------+------+-------+------+------+

Note: The table above is a preliminary report that shows the DSPs inferred at the current stage of the synthesis flow. Some DSP may be reimplemented as non DSP primitives later in the synthesis flow. Multiple instantiated DSPs are reported only once.
---------------------------------------------------------------------------------
Finished ROM, RAM, DSP, Shift Register and Retiming Reporting
---------------------------------------------------------------------------------
---------------------------------------------------------------------------------
Start Applying XDC Timing Constraints
---------------------------------------------------------------------------------
---------------------------------------------------------------------------------
Finished Applying XDC Timing Constraints : Time (s): cpu = 00:00:40 ; elapsed = 00:00:40 . Memory (MB): peak = 1036.328 ; gain = 32.508
---------------------------------------------------------------------------------
---------------------------------------------------------------------------------
Start Timing Optimization
---------------------------------------------------------------------------------
---------------------------------------------------------------------------------
Finished Timing Optimization : Time (s): cpu = 00:00:40 ; elapsed = 00:00:41 . Memory (MB): peak = 1047.438 ; gain = 43.617
---------------------------------------------------------------------------------
---------------------------------------------------------------------------------
Start Technology Mapping
---------------------------------------------------------------------------------
---------------------------------------------------------------------------------
Finished Technology Mapping : Time (s): cpu = 00:00:41 ; elapsed = 00:00:41 . Memory (MB): peak = 1067.043 ; gain = 63.223
---------------------------------------------------------------------------------
---------------------------------------------------------------------------------
Start IO Insertion
---------------------------------------------------------------------------------
---------------------------------------------------------------------------------
Start Flattening Before IO Insertion
---------------------------------------------------------------------------------
---------------------------------------------------------------------------------
Finished Flattening Before IO Insertion
---------------------------------------------------------------------------------
---------------------------------------------------------------------------------
Start Final Netlist Cleanup
---------------------------------------------------------------------------------
---------------------------------------------------------------------------------
Finished Final Netlist Cleanup
---------------------------------------------------------------------------------
---------------------------------------------------------------------------------
Finished IO Insertion : Time (s): cpu = 00:00:45 ; elapsed = 00:00:45 . Memory (MB): peak = 1067.043 ; gain = 63.223
---------------------------------------------------------------------------------
---------------------------------------------------------------------------------
Start Renaming Generated Instances
---------------------------------------------------------------------------------
---------------------------------------------------------------------------------
Finished Renaming Generated Instances : Time (s): cpu = 00:00:45 ; elapsed = 00:00:45 . Memory (MB): peak = 1067.043 ; gain = 63.223
---------------------------------------------------------------------------------
---------------------------------------------------------------------------------
Start Rebuilding User Hierarchy
---------------------------------------------------------------------------------
---------------------------------------------------------------------------------
Finished Rebuilding User Hierarchy : Time (s): cpu = 00:00:45 ; elapsed = 00:00:45 . Memory (MB): peak = 1067.043 ; gain = 63.223
---------------------------------------------------------------------------------
---------------------------------------------------------------------------------
Start Renaming Generated Ports
---------------------------------------------------------------------------------
---------------------------------------------------------------------------------
Finished Renaming Generated Ports : Time (s): cpu = 00:00:45 ; elapsed = 00:00:45 . Memory (MB): peak = 1067.043 ; gain = 63.223
---------------------------------------------------------------------------------
---------------------------------------------------------------------------------
Start Handling Custom Attributes
---------------------------------------------------------------------------------
---------------------------------------------------------------------------------
Finished Handling Custom Attributes : Time (s): cpu = 00:00:45 ; elapsed = 00:00:45 . Memory (MB): peak = 1067.043 ; gain = 63.223
---------------------------------------------------------------------------------
---------------------------------------------------------------------------------
Start Renaming Generated Nets
---------------------------------------------------------------------------------
---------------------------------------------------------------------------------
Finished Renaming Generated Nets : Time (s): cpu = 00:00:45 ; elapsed = 00:00:45 . Memory (MB): peak = 1067.043 ; gain = 63.223
---------------------------------------------------------------------------------
---------------------------------------------------------------------------------
Start Writing Synthesis Report
---------------------------------------------------------------------------------

Report BlackBoxes: 
+------+--------------+----------+
|      |BlackBox name |Instances |
+------+--------------+----------+
|1     |clk_wiz_0     |         1|
|2     |mig_7series_0 |         1|
+------+--------------+----------+

Report Cell Usage: 
+------+------------+------+
|      |Cell        |Count |
+------+------------+------+
|1     |clk_wiz     |     1|
|2     |mig_7series |     1|
|3     |CARRY4      |    14|
|4     |DSP48E1     |     2|
|5     |LUT1        |     4|
|6     |LUT2        |    36|
|7     |LUT3        |     7|
|8     |LUT4        |    31|
|9     |LUT5        |     7|
|10    |LUT6        |    16|
|11    |FDRE        |    61|
|12    |FDSE        |    16|
|13    |IBUF        |    25|
|14    |OBUF        |    25|
|15    |OBUFT       |    20|
+------+------------+------+
---------------------------------------------------------------------------------
Finished Writing Synthesis Report : Time (s): cpu = 00:00:45 ; elapsed = 00:00:45 . Memory (MB): peak = 1067.043 ; gain = 63.223
---------------------------------------------------------------------------------
Synthesis finished with 0 errors, 0 critical warnings and 0 warnings.
Synthesis Optimization Runtime : Time (s): cpu = 00:00:33 ; elapsed = 00:00:42 . Memory (MB): peak = 1067.043 ; gain = 42.309
Synthesis Optimization Complete : Time (s): cpu = 00:00:45 ; elapsed = 00:00:46 . Memory (MB): peak = 1067.043 ; gain = 63.223
INFO: [Project 1-571] Translating synthesized netlist
Netlist sorting complete. Time (s): cpu = 00:00:00 ; elapsed = 00:00:00.010 . Memory (MB): peak = 1075.812 ; gain = 0.000
INFO: [Netlist 29-17] Analyzing 16 Unisim elements for replacement
INFO: [Netlist 29-28] Unisim Transformation completed in 0 CPU seconds
INFO: [Project 1-570] Preparing netlist for logic optimization
INFO: [Opt 31-138] Pushed 0 inverter(s) to 0 load pin(s).
Netlist sorting complete. Time (s): cpu = 00:00:00 ; elapsed = 00:00:00 . Memory (MB): peak = 1075.812 ; gain = 0.000
INFO: [Project 1-111] Unisim Transformation Summary:
No Unisim elements were transformed.

INFO: [Common 17-83] Releasing license: Synthesis
44 Infos, 7 Warnings, 0 Critical Warnings and 0 Errors encountered.
synth_design completed successfully
synth_design: Time (s): cpu = 00:00:51 ; elapsed = 00:00:54 . Memory (MB): peak = 1075.812 ; gain = 71.992
INFO: [Common 17-1381] The checkpoint 'C:/Users/Raphael/Documents/Uni/FYP/Fpgastuff/ddr3_build2.runs/synth_1/top.dcp' has been generated.
INFO: [runtcl-4] Executing : report_utilization -file top_utilization_synth.rpt -pb top_utilization_synth.pb
INFO: [Common 17-206] Exiting Vivado at Sun Mar  7 23:17:53 2021...
